0 info it worked if it ends with ok
1 verbose cli [ '/usr/bin/node', '/bin/npm', 'start' ]
2 info using npm@4.1.1
3 info using node@v7.3.0
4 verbose run-script [ 'prestart', 'start', 'poststart' ]
5 info lifecycle hnr-blog@0.0.0~prestart: hnr-blog@0.0.0
6 silly lifecycle hnr-blog@0.0.0~prestart: no script for prestart, continuing
7 info lifecycle hnr-blog@0.0.0~start: hnr-blog@0.0.0
8 verbose lifecycle hnr-blog@0.0.0~start: unsafe-perm in lifecycle true
9 verbose lifecycle hnr-blog@0.0.0~start: PATH: /usr/local/share/.config/yarn/global/node_modules/npm/bin/node-gyp-bin:/home/jethro/Documents/hnr_blog/node_modules/.bin:/bin:/home/jethro/.fzf/bin:/usr/local/sbin:/usr/local/bin:/usr/bin:/usr/lib/jvm/default/bin:/usr/bin/site_perl:/usr/bin/vendor_perl:/usr/bin/core_perl
10 verbose lifecycle hnr-blog@0.0.0~start: CWD: /home/jethro/Documents/hnr_blog
11 silly lifecycle hnr-blog@0.0.0~start: Args: [ '-c', 'node ./bin/www' ]
12 silly lifecycle hnr-blog@0.0.0~start: Returned: code: 1  signal: null
13 info lifecycle hnr-blog@0.0.0~start: Failed to exec start script
14 verbose stack Error: hnr-blog@0.0.0 start: `node ./bin/www`
14 verbose stack Exit status 1
14 verbose stack     at EventEmitter.<anonymous> (/usr/local/share/.config/yarn/global/node_modules/npm/lib/utils/lifecycle.js:279:16)
14 verbose stack     at emitTwo (events.js:106:13)
14 verbose stack     at EventEmitter.emit (events.js:191:7)
14 verbose stack     at ChildProcess.<anonymous> (/usr/local/share/.config/yarn/global/node_modules/npm/lib/utils/spawn.js:40:14)
14 verbose stack     at emitTwo (events.js:106:13)
14 verbose stack     at ChildProcess.emit (events.js:191:7)
14 verbose stack     at maybeClose (internal/child_process.js:885:16)
14 verbose stack     at Process.ChildProcess._handle.onexit (internal/child_process.js:226:5)
15 verbose pkgid hnr-blog@0.0.0
16 verbose cwd /home/jethro/Documents/hnr_blog
17 error Linux 4.4.39-1-MANJARO
18 error argv "/usr/bin/node" "/bin/npm" "start"
19 error node v7.3.0
20 error npm  v4.1.1
21 error code ELIFECYCLE
22 error hnr-blog@0.0.0 start: `node ./bin/www`
22 error Exit status 1
23 error Failed at the hnr-blog@0.0.0 start script 'node ./bin/www'.
23 error Make sure you have the latest version of node.js and npm installed.
23 error If you do, this is most likely a problem with the hnr-blog package,
23 error not with npm itself.
23 error Tell the author that this fails on your system:
23 error     node ./bin/www
23 error You can get information on how to open an issue for this project with:
23 error     npm bugs hnr-blog
23 error Or if that isn't available, you can get their info via:
23 error     npm owner ls hnr-blog
23 error There is likely additional logging output above.
24 verbose exit [ 1, true ]
